<?xml version="1.0" encoding="UTF-8"?>
<!-- Generated by org.testng.reporters.JUnitReportReporter -->
<testsuite hostname="USNJ-HBHUI-MBP.lan" failures="0" tests="1" name="test_register.NewRegisterTest" time="3.476" errors="0" timestamp="17 Aug 2020 01:23:04 GMT">
  <testcase classname="test_register.NewRegisterTest" name="registerWithNewEmailTest" time="3.476"/>
</testsuite> <!-- test_register.NewRegisterTest -->
