<?xml version="1.0" encoding="UTF-8"?>
<!-- Generated by org.testng.reporters.JUnitReportReporter -->
<testsuite hostname="DESKTOP-TUT8D84" name="test_register.NewRegisterTest" tests="1" failures="0" timestamp="30 Aug 2020 22:28:10 GMT" time="7.568" errors="0">
  <testcase name="registerWithNewEmailTest" time="7.568" classname="test_register.NewRegisterTest"/>
</testsuite> <!-- test_register.NewRegisterTest -->
