<?xml version="1.0" encoding="UTF-8"?>
<!-- Generated by org.testng.reporters.JUnitReportReporter -->
<testsuite hostname="USNJ-HBHUI-MBP.lan" failures="0" tests="1" name="test_signIn.VerifyUserFullName" time="8.968" errors="0" timestamp="17 Aug 2020 01:23:04 GMT">
  <testcase classname="test_signIn.VerifyUserFullName" name="userFullNameTest" time="8.968"/>
</testsuite> <!-- test_signIn.VerifyUserFullName -->
