<?xml version="1.0" encoding="UTF-8"?>
<!-- Generated by org.testng.reporters.JUnitReportReporter -->
<testsuite hostname="DESKTOP-TUT8D84" name="test_register.NewRegisterTest" tests="1" failures="0" timestamp="31 Aug 2020 01:16:50 GMT" time="8.059" errors="0">
  <testcase name="registerWithNewEmailTest" time="8.059" classname="test_register.NewRegisterTest"/>
</testsuite> <!-- test_register.NewRegisterTest -->
