<?xml version="1.0" encoding="UTF-8"?>
<!-- Generated by org.testng.reporters.JUnitReportReporter -->
<testsuite hostname="DESKTOP-TUT8D84" name="test_signIn.VerifyUserFullName" tests="1" failures="0" timestamp="31 Aug 2020 01:16:50 GMT" time="19.743" errors="0">
  <testcase name="userFullNameTest" time="19.743" classname="test_signIn.VerifyUserFullName"/>
</testsuite> <!-- test_signIn.VerifyUserFullName -->
