<?xml version="1.0" encoding="UTF-8"?>
<!-- Generated by org.testng.reporters.JUnitReportReporter -->
<testsuite hostname="DESKTOP-TUT8D84" name="test_signIn.VerifyUserFullName" tests="1" failures="0" timestamp="30 Aug 2020 22:28:10 GMT" time="20.524" errors="0">
  <testcase name="userFullNameTest" time="20.524" classname="test_signIn.VerifyUserFullName"/>
</testsuite> <!-- test_signIn.VerifyUserFullName -->
