<?xml version="1.0" encoding="UTF-8"?>
<!-- Generated by org.testng.reporters.JUnitReportReporter -->
<testsuite hostname="DESKTOP-TUT8D84" name="test_register.NewRegisterTest" tests="1" failures="0" timestamp="29 Aug 2020 05:57:17 GMT" time="12.563" errors="0">
  <testcase name="registerWithNewEmailTest" time="12.563" classname="test_register.NewRegisterTest"/>
</testsuite> <!-- test_register.NewRegisterTest -->
